2024-12-15 07:40:27 [INFO]: Incoming Request: POST /auth/login
2024-12-15 07:40:27 [INFO]: Login attempt for email: nihad.kr.gov@gmail.com
2024-12-15 07:40:27 [INFO]: User logged in successfully: nihad.kr.gov@gmail.com
2024-12-15 07:40:27 [INFO]: Incoming Request: GET /books
2024-12-15 07:40:27 [INFO]: Incoming Request: GET /books
2024-12-15 07:40:27 [INFO]: Incoming Request: POST /auth/checkToken
2024-12-15 07:40:27 [INFO]: Incoming Request: POST /auth/checkToken
2024-12-15 07:40:41 [INFO]: Incoming Request: GET /books/book/2
2024-12-15 07:40:41 [INFO]: Incoming Request: GET /books/book/2
2024-12-15 07:40:41 [INFO]: Incoming Request: POST /auth/checkToken
2024-12-15 07:40:41 [INFO]: Incoming Request: POST /auth/checkToken
2024-12-15 07:40:48 [INFO]: Incoming Request: GET /books
2024-12-15 07:40:48 [INFO]: Incoming Request: GET /books
2024-12-15 07:40:48 [INFO]: Incoming Request: POST /auth/checkToken
2024-12-15 07:40:48 [INFO]: Incoming Request: POST /auth/checkToken
2024-12-15 07:41:07 [INFO]: Incoming Request: POST /admin/login
2024-12-15 07:41:07 [INFO]: Incoming Request: GET /admin/data/books
2024-12-15 07:41:07 [INFO]: Incoming Request: GET /admin/data/books
2024-12-15 07:41:24 [INFO]: Incoming Request: PUT /admin/data/books/edit/1
2024-12-15 07:41:31 [INFO]: Incoming Request: PUT /admin/data/books/edit/1
2024-12-15 07:56:28 [INFO]: Incoming Request: GET /admin/data/warehouses
2024-12-15 07:56:28 [INFO]: Incoming Request: GET /admin/data/warehouses
2024-12-15 07:56:42 [INFO]: Incoming Request: POST /admin/data/warehouses/add
2024-12-15 07:56:48 [INFO]: Incoming Request: PUT /admin/data/warehouses/edit/3
2024-12-15 08:01:42 [INFO]: Incoming Request: GET /admin/data/books
2024-12-15 08:01:42 [INFO]: Incoming Request: GET /admin/data/books
2024-12-15 08:02:36 [INFO]: Incoming Request: GET /admin/data/warehouses
2024-12-15 08:02:36 [INFO]: Incoming Request: GET /admin/data/warehouses
2024-12-15 08:02:39 [INFO]: Incoming Request: GET /admin/data/contains
2024-12-15 08:02:39 [INFO]: Incoming Request: GET /admin/data/baskets
2024-12-15 08:02:39 [INFO]: Incoming Request: GET /admin/data/books
2024-12-15 08:02:39 [INFO]: Incoming Request: GET /admin/data/contains
2024-12-15 08:02:39 [INFO]: Incoming Request: GET /admin/data/baskets
2024-12-15 08:02:39 [INFO]: Incoming Request: GET /admin/data/books
2024-12-15 08:02:43 [INFO]: Incoming Request: GET /admin/data/contains
2024-12-15 08:02:43 [INFO]: Incoming Request: GET /admin/data/baskets
2024-12-15 08:02:43 [INFO]: Incoming Request: GET /admin/data/books
2024-12-15 08:02:43 [INFO]: Incoming Request: GET /admin/data/contains
2024-12-15 08:02:43 [INFO]: Incoming Request: GET /admin/data/baskets
2024-12-15 08:02:43 [INFO]: Incoming Request: GET /admin/data/books
2024-12-15 08:03:31 [INFO]: Incoming Request: GET /admin/data/contains
2024-12-15 08:03:31 [INFO]: Incoming Request: GET /admin/data/contains
2024-12-15 08:05:02 [INFO]: Incoming Request: GET /admin/data/contains
2024-12-15 08:05:02 [INFO]: Incoming Request: GET /admin/data/baskets
2024-12-15 08:05:02 [INFO]: Incoming Request: GET /admin/data/books
2024-12-15 08:05:02 [INFO]: Incoming Request: GET /admin/data/baskets
2024-12-15 08:05:02 [INFO]: Incoming Request: GET /admin/data/contains
2024-12-15 08:05:02 [INFO]: Incoming Request: GET /admin/data/books
2024-12-15 08:05:12 [INFO]: Incoming Request: GET /admin/data/contains
2024-12-15 08:05:12 [INFO]: Incoming Request: GET /admin/data/contains
2024-12-15 08:05:27 [INFO]: Incoming Request: GET /admin/data/contains
2024-12-15 08:05:27 [INFO]: Incoming Request: GET /admin/data/contains
2024-12-15 08:07:05 [INFO]: Incoming Request: GET /admin/data/contains
2024-12-15 08:07:05 [INFO]: Incoming Request: GET /admin/data/contains
2024-12-15 08:07:08 [INFO]: Incoming Request: GET /admin/inventory
2024-12-15 08:07:08 [INFO]: Incoming Request: GET /admin/books
2024-12-15 08:07:08 [INFO]: Incoming Request: GET /admin/warehouses
2024-12-15 08:07:08 [INFO]: Incoming Request: GET /admin/inventory
2024-12-15 08:07:08 [INFO]: Incoming Request: GET /admin/books
2024-12-15 08:07:08 [INFO]: Incoming Request: GET /admin/warehouses
2024-12-15 08:07:12 [INFO]: Incoming Request: GET /admin/inventory
2024-12-15 08:07:12 [INFO]: Incoming Request: GET /admin/books
2024-12-15 08:07:12 [INFO]: Incoming Request: GET /admin/warehouses
2024-12-15 08:07:12 [INFO]: Incoming Request: GET /admin/inventory
2024-12-15 08:07:12 [INFO]: Incoming Request: GET /admin/books
2024-12-15 08:07:12 [INFO]: Incoming Request: GET /admin/warehouses
2024-12-15 08:07:27 [INFO]: Incoming Request: GET /admin/data/inventory
2024-12-15 08:07:27 [INFO]: Incoming Request: GET /admin/data/books
2024-12-15 08:07:27 [INFO]: Incoming Request: GET /admin/data/warehouses
2024-12-15 08:07:27 [INFO]: Incoming Request: GET /admin/data/inventory
2024-12-15 08:07:27 [INFO]: Incoming Request: GET /admin/data/books
2024-12-15 08:07:27 [INFO]: Incoming Request: GET /admin/data/warehouses
2024-12-15 08:07:28 [INFO]: Incoming Request: GET /admin/data/inventory
2024-12-15 08:07:28 [INFO]: Incoming Request: GET /admin/data/books
2024-12-15 08:07:28 [INFO]: Incoming Request: GET /admin/data/warehouses
2024-12-15 08:07:28 [INFO]: Incoming Request: GET /admin/data/inventory
2024-12-15 08:07:28 [INFO]: Incoming Request: GET /admin/data/books
2024-12-15 08:07:28 [INFO]: Incoming Request: GET /admin/data/warehouses
2024-12-15 08:08:42 [INFO]: Incoming Request: GET /admin/data/warehouses
2024-12-15 08:08:42 [INFO]: Incoming Request: GET /admin/data/books
2024-12-15 08:08:42 [INFO]: Incoming Request: GET /admin/data/inventory
2024-12-15 08:08:42 [INFO]: Incoming Request: GET /admin/data/warehouses
2024-12-15 08:08:42 [INFO]: Incoming Request: GET /admin/data/books
2024-12-15 08:08:42 [INFO]: Incoming Request: GET /admin/data/inventory
2024-12-15 08:09:32 [INFO]: Incoming Request: GET /admin/data/inventories
2024-12-15 08:09:32 [INFO]: Incoming Request: GET /admin/data/books
2024-12-15 08:09:32 [INFO]: Incoming Request: GET /admin/data/warehouses
2024-12-15 08:09:32 [INFO]: Incoming Request: GET /admin/data/inventories
2024-12-15 08:09:32 [INFO]: Incoming Request: GET /admin/data/books
2024-12-15 08:09:32 [INFO]: Incoming Request: GET /admin/data/warehouses
2024-12-15 08:09:43 [INFO]: Incoming Request: POST /admin/data/inventories/add
